0 info it worked if it ends with ok
1 verbose cli [ '/usr/local/bin/node',
1 verbose cli   '/usr/local/bin/npm',
1 verbose cli   'install',
1 verbose cli   'cookie-session' ]
2 info using npm@3.8.6
3 info using node@v6.1.0
4 silly loadCurrentTree Starting
5 silly install loadCurrentTree
6 silly install readLocalPackageData
7 silly fetchPackageMetaData cookie-session@~2.0.0
8 silly fetchNamedPackageData cookie-session
9 silly mapToRegistry name cookie-session
10 silly mapToRegistry using default registry
11 silly mapToRegistry registry https://registry.npmjs.org/
12 silly mapToRegistry data Result {
12 silly mapToRegistry   raw: 'cookie-session',
12 silly mapToRegistry   scope: null,
12 silly mapToRegistry   name: 'cookie-session',
12 silly mapToRegistry   rawSpec: '',
12 silly mapToRegistry   spec: 'latest',
12 silly mapToRegistry   type: 'tag' }
13 silly mapToRegistry uri https://registry.npmjs.org/cookie-session
14 verbose request uri https://registry.npmjs.org/cookie-session
15 verbose request no auth needed
16 info attempt registry request try #1 at 15:25:45
17 verbose request id 8d52f9adcd42888d
18 verbose etag "9QM9PCKVJUQ9ALF7LSVGQD26P"
19 http request GET https://registry.npmjs.org/cookie-session
20 http 304 https://registry.npmjs.org/cookie-session
21 verbose headers { date: 'Thu, 07 Jul 2016 13:25:45 GMT',
21 verbose headers   via: '1.1 varnish',
21 verbose headers   'cache-control': 'max-age=300',
21 verbose headers   etag: '"9QM9PCKVJUQ9ALF7LSVGQD26P"',
21 verbose headers   age: '32',
21 verbose headers   connection: 'keep-alive',
21 verbose headers   'x-served-by': 'cache-lcy1123-LCY',
21 verbose headers   'x-cache': 'HIT',
21 verbose headers   'x-cache-hits': '1',
21 verbose headers   'x-timer': 'S1467897945.467936,VS0,VE0',
21 verbose headers   vary: 'Accept-Encoding' }
22 silly get cb [ 304,
22 silly get   { date: 'Thu, 07 Jul 2016 13:25:45 GMT',
22 silly get     via: '1.1 varnish',
22 silly get     'cache-control': 'max-age=300',
22 silly get     etag: '"9QM9PCKVJUQ9ALF7LSVGQD26P"',
22 silly get     age: '32',
22 silly get     connection: 'keep-alive',
22 silly get     'x-served-by': 'cache-lcy1123-LCY',
22 silly get     'x-cache': 'HIT',
22 silly get     'x-cache-hits': '1',
22 silly get     'x-timer': 'S1467897945.467936,VS0,VE0',
22 silly get     vary: 'Accept-Encoding' } ]
23 verbose etag https://registry.npmjs.org/cookie-session from cache
24 verbose get saving cookie-session to /Users/diegowaziri/.npm/registry.npmjs.org/cookie-session/.cache.json
25 verbose correctMkdir /Users/diegowaziri/.npm correctMkdir not in flight; initializing
26 silly fetchPackageMetaData Error: No compatible version found: cookie-session@~2.0.0
26 silly fetchPackageMetaData Valid install targets:
26 silly fetchPackageMetaData 2.0.0-alpha.1, 1.2.0, 1.1.0, 1.0.2, 1.0.1, 1.0.0
26 silly fetchPackageMetaData
26 silly fetchPackageMetaData     at pickVersionFromRegistryDocument (/usr/local/lib/node_modules/npm/lib/fetch-package-metadata.js:156:16)
26 silly fetchPackageMetaData     at /usr/local/lib/node_modules/npm/node_modules/iferr/index.js:13:50
26 silly fetchPackageMetaData     at /usr/local/lib/node_modules/npm/lib/utils/pulse-till-done.js:19:8
26 silly fetchPackageMetaData     at saved (/usr/local/lib/node_modules/npm/lib/cache/caching-client.js:168:7)
26 silly fetchPackageMetaData     at /usr/local/lib/node_modules/npm/node_modules/graceful-fs/polyfills.js:210:7
26 silly fetchPackageMetaData     at FSReqWrap.oncomplete (fs.js:117:15)
26 silly fetchPackageMetaData  error for cookie-session@~2.0.0 Error: No compatible version found: cookie-session@~2.0.0
26 silly fetchPackageMetaData Valid install targets:
26 silly fetchPackageMetaData 2.0.0-alpha.1, 1.2.0, 1.1.0, 1.0.2, 1.0.1, 1.0.0
26 silly fetchPackageMetaData
26 silly fetchPackageMetaData     at pickVersionFromRegistryDocument (/usr/local/lib/node_modules/npm/lib/fetch-package-metadata.js:156:16)
26 silly fetchPackageMetaData     at /usr/local/lib/node_modules/npm/node_modules/iferr/index.js:13:50
26 silly fetchPackageMetaData     at /usr/local/lib/node_modules/npm/lib/utils/pulse-till-done.js:19:8
26 silly fetchPackageMetaData     at saved (/usr/local/lib/node_modules/npm/lib/cache/caching-client.js:168:7)
26 silly fetchPackageMetaData     at /usr/local/lib/node_modules/npm/node_modules/graceful-fs/polyfills.js:210:7
26 silly fetchPackageMetaData     at FSReqWrap.oncomplete (fs.js:117:15)
27 silly rollbackFailedOptional Starting
28 silly rollbackFailedOptional Finishing
29 silly runTopLevelLifecycles Starting
30 silly runTopLevelLifecycles Finishing
31 silly install printInstalled
32 verbose stack Error: No compatible version found: cookie-session@~2.0.0
32 verbose stack Valid install targets:
32 verbose stack 2.0.0-alpha.1, 1.2.0, 1.1.0, 1.0.2, 1.0.1, 1.0.0
32 verbose stack
32 verbose stack     at pickVersionFromRegistryDocument (/usr/local/lib/node_modules/npm/lib/fetch-package-metadata.js:156:16)
32 verbose stack     at /usr/local/lib/node_modules/npm/node_modules/iferr/index.js:13:50
32 verbose stack     at /usr/local/lib/node_modules/npm/lib/utils/pulse-till-done.js:19:8
32 verbose stack     at saved (/usr/local/lib/node_modules/npm/lib/cache/caching-client.js:168:7)
32 verbose stack     at /usr/local/lib/node_modules/npm/node_modules/graceful-fs/polyfills.js:210:7
32 verbose stack     at FSReqWrap.oncomplete (fs.js:117:15)
33 verbose cwd /Users/diegowaziri/Desktop/Nodejs
34 error Darwin 15.5.0
35 error argv "/usr/local/bin/node" "/usr/local/bin/npm" "install" "cookie-session"
36 error node v6.1.0
37 error npm  v3.8.6
38 error No compatible version found: cookie-session@~2.0.0
38 error Valid install targets:
38 error 2.0.0-alpha.1, 1.2.0, 1.1.0, 1.0.2, 1.0.1, 1.0.0
39 error If you need help, you may report this error at:
39 error     <https://github.com/npm/npm/issues>
40 verbose exit [ 1, true ]
